<?xml version="1.0" encoding="UTF-8"?>
<testng-results skipped="0" failed="0" ignored="0" total="4" passed="4">
  <reporter-output>
  </reporter-output>
  <suite name="Suite" duration-ms="29484" started-at="2021-09-04T09:29:40 IST" finished-at="2021-09-04T09:30:09 IST">
    <groups>
    </groups>
    <test name="Test" duration-ms="12804" started-at="2021-09-04T09:29:40 IST" finished-at="2021-09-04T09:29:53 IST">
      <class name="Academy.E2EDemo.HomePage">
        <test-method status="PASS" signature="tearup()[pri:0, instance:Academy.E2EDemo.HomePage@185d8b6]" name="tearup" is-config="true" duration-ms="2139" started-at="2021-09-04T09:29:40 IST" finished-at="2021-09-04T09:29:42 IST">
          <reporter-output>
          </reporter-output>
        </test-method> <!-- tearup -->
        <test-method status="PASS" signature="basePageNavigation(java.lang.String, java.lang.String)[pri:0, instance:Academy.E2EDemo.HomePage@185d8b6]" name="basePageNavigation" duration-ms="6573" started-at="2021-09-04T09:29:42 IST" data-provider="getData" finished-at="2021-09-04T09:29:49 IST">
          <params>
            <param index="0">
              <value>
                <![CDATA[naveenroa@gmail.com]]>
              </value>
            </param>
            <param index="1">
              <value>
                <![CDATA[naveen123]]>
              </value>
            </param>
          </params>
          <reporter-output>
          </reporter-output>
        </test-method> <!-- basePageNavigation -->
        <test-method status="PASS" signature="basePageNavigation(java.lang.String, java.lang.String)[pri:0, instance:Academy.E2EDemo.HomePage@185d8b6]" name="basePageNavigation" duration-ms="3965" started-at="2021-09-04T09:29:49 IST" data-provider="getData" finished-at="2021-09-04T09:29:53 IST">
          <params>
            <param index="0">
              <value>
                <![CDATA[naveenroa1992@gmail.com]]>
              </value>
            </param>
            <param index="1">
              <value>
                <![CDATA[naveen123]]>
              </value>
            </param>
          </params>
          <reporter-output>
          </reporter-output>
        </test-method> <!-- basePageNavigation -->
        <test-method status="PASS" signature="teardown()[pri:0, instance:Academy.E2EDemo.HomePage@185d8b6]" name="teardown" is-config="true" duration-ms="105" started-at="2021-09-04T09:29:53 IST" finished-at="2021-09-04T09:29:53 IST">
          <reporter-output>
          </reporter-output>
        </test-method> <!-- teardown -->
      </class> <!-- Academy.E2EDemo.HomePage -->
    </test> <!-- Test -->
    <test name="Test1" duration-ms="2844" started-at="2021-09-04T09:29:58 IST" finished-at="2021-09-04T09:30:01 IST">
      <class name="Academy.E2EDemo.ValidateNaviagtionbar">
        <test-method status="PASS" signature="tearup()[pri:0, instance:Academy.E2EDemo.ValidateNaviagtionbar@578486a3]" name="tearup" is-config="true" duration-ms="2708" started-at="2021-09-04T09:29:58 IST" finished-at="2021-09-04T09:30:00 IST">
          <reporter-output>
          </reporter-output>
        </test-method> <!-- tearup -->
        <test-method status="PASS" signature="basePageNavigation()[pri:0, instance:Academy.E2EDemo.ValidateNaviagtionbar@578486a3]" name="basePageNavigation" duration-ms="135" started-at="2021-09-04T09:30:00 IST" finished-at="2021-09-04T09:30:01 IST">
          <reporter-output>
          </reporter-output>
        </test-method> <!-- basePageNavigation -->
        <test-method status="PASS" signature="teardown()[pri:0, instance:Academy.E2EDemo.ValidateNaviagtionbar@578486a3]" name="teardown" is-config="true" duration-ms="0" started-at="2021-09-04T09:30:01 IST" finished-at="2021-09-04T09:30:01 IST">
          <reporter-output>
          </reporter-output>
        </test-method> <!-- teardown -->
      </class> <!-- Academy.E2EDemo.ValidateNaviagtionbar -->
    </test> <!-- Test1 -->
    <test name="Test2" duration-ms="3809" started-at="2021-09-04T09:30:06 IST" finished-at="2021-09-04T09:30:09 IST">
      <class name="Academy.E2EDemo.ValidateTitle">
        <test-method status="PASS" signature="tearup()[pri:0, instance:Academy.E2EDemo.ValidateTitle@3cef309d]" name="tearup" is-config="true" duration-ms="3690" started-at="2021-09-04T09:30:06 IST" finished-at="2021-09-04T09:30:09 IST">
          <reporter-output>
          </reporter-output>
        </test-method> <!-- tearup -->
        <test-method status="PASS" signature="basePageNavigation()[pri:0, instance:Academy.E2EDemo.ValidateTitle@3cef309d]" name="basePageNavigation" duration-ms="119" started-at="2021-09-04T09:30:09 IST" finished-at="2021-09-04T09:30:09 IST">
          <reporter-output>
          </reporter-output>
        </test-method> <!-- basePageNavigation -->
        <test-method status="PASS" signature="teardown()[pri:0, instance:Academy.E2EDemo.ValidateTitle@3cef309d]" name="teardown" is-config="true" duration-ms="0" started-at="2021-09-04T09:30:09 IST" finished-at="2021-09-04T09:30:09 IST">
          <reporter-output>
          </reporter-output>
        </test-method> <!-- teardown -->
      </class> <!-- Academy.E2EDemo.ValidateTitle -->
    </test> <!-- Test2 -->
  </suite> <!-- Suite -->
</testng-results>
